<?xml version="1.0" encoding="UTF-8"?>
<!-- Generated by org.testng.reporters.JUnitXMLReporter -->
<testsuite hostname="HP-PC" ignored="0" name="test 1" tests="4" failures="0" timestamp="26 May 2020 13:32:51 GMT" time="3.295" errors="0">
  <testcase name="@BeforeMethod LaunchBrowser" time="3.222" classname="com.sam.DataProviders">
    <failure type="org.openqa.selenium.SessionNotCreatedException" message="session not created: This version of ChromeDriver only supports Chrome version 80
Build info: version: &amp;apos;3.141.59&amp;apos;, revision: &amp;apos;e82be7d358&amp;apos;, time: &amp;apos;2018-11-14T08:17:03&amp;apos;
System info: host: &amp;apos;HP-PC&amp;apos;, ip: &amp;apos;192.168.1.5&amp;apos;, os.name: &amp;apos;Windows 7&amp;apos;, os.arch: &amp;apos;amd64&amp;apos;, os.version: &amp;apos;6.1&amp;apos;, java.version: &amp;apos;1.8.0_231&amp;apos;
Driver info: driver.version: ChromeDriver
remote stacktrace: Backtrace:
	Ordinal0 [0x00BA0C83+1707139]
	Ordinal0 [0x00B068F1+1075441]
	Ordinal0 [0x00A7DFC9+516041]
	Ordinal0 [0x00A10554+66900]
	Ordinal0 [0x00A0CCE2+52450]
	Ordinal0 [0x00A2BFD7+180183]
	Ordinal0 [0x00A2BDDD+179677]
	Ordinal0 [0x00A29D4B+171339]
	Ordinal0 [0x00A11D4A+73034]
	Ordinal0 [0x00A12DC0+77248]
	Ordinal0 [0x00A12D59+77145]
	Ordinal0 [0x00B1BB67+1162087]
	GetHandleVerifier [0x00C3A966+508998]
	GetHandleVerifier [0x00C3A6A4+508292]
	GetHandleVerifier [0x00C4F7B7+594583]
	GetHandleVerifier [0x00C3B1D6+511158]
	Ordinal0 [0x00B1402C+1130540]
	Ordinal0 [0x00B1D4CB+1168587]
	Ordinal0 [0x00B1D633+1168947]
	Ordinal0 [0x00B35B35+1268533]
	BaseThreadInitThunk [0x7640339A+18]
	RtlInitializeExceptionChain [0x77249ED2+99]
	RtlInitializeExceptionChain [0x77249EA5+54]
">
      <![CDATA[org.openqa.selenium.SessionNotCreatedException: session not created: This version of ChromeDriver only supports Chrome version 80
Build info: version: '3.141.59', revision: 'e82be7d358', time: '2018-11-14T08:17:03'
System info: host: 'HP-PC', ip: '192.168.1.5', os.name: 'Windows 7', os.arch: 'amd64', os.version: '6.1', java.version: '1.8.0_231'
Driver info: driver.version: ChromeDriver
remote stacktrace: Backtrace:
	Ordinal0 [0x00BA0C83+1707139]
	Ordinal0 [0x00B068F1+1075441]
	Ordinal0 [0x00A7DFC9+516041]
	Ordinal0 [0x00A10554+66900]
	Ordinal0 [0x00A0CCE2+52450]
	Ordinal0 [0x00A2BFD7+180183]
	Ordinal0 [0x00A2BDDD+179677]
	Ordinal0 [0x00A29D4B+171339]
	Ordinal0 [0x00A11D4A+73034]
	Ordinal0 [0x00A12DC0+77248]
	Ordinal0 [0x00A12D59+77145]
	Ordinal0 [0x00B1BB67+1162087]
	GetHandleVerifier [0x00C3A966+508998]
	GetHandleVerifier [0x00C3A6A4+508292]
	GetHandleVerifier [0x00C4F7B7+594583]
	GetHandleVerifier [0x00C3B1D6+511158]
	Ordinal0 [0x00B1402C+1130540]
	Ordinal0 [0x00B1D4CB+1168587]
	Ordinal0 [0x00B1D633+1168947]
	Ordinal0 [0x00B35B35+1268533]
	BaseThreadInitThunk [0x7640339A+18]
	RtlInitializeExceptionChain [0x77249ED2+99]
	RtlInitializeExceptionChain [0x77249EA5+54]

	at org.openqa.selenium.remote.W3CHandshakeResponse.lambda$errorHandler$0(W3CHandshakeResponse.java:62)
	at org.openqa.selenium.remote.HandshakeResponse.lambda$getResponseFunction$0(HandshakeResponse.java:30)
	at org.openqa.selenium.remote.ProtocolHandshake.lambda$createSession$0(ProtocolHandshake.java:126)
	at java.util.stream.ReferencePipeline$3$1.accept(Unknown Source)
	at java.util.Spliterators$ArraySpliterator.tryAdvance(Unknown Source)
	at java.util.stream.ReferencePipeline.forEachWithCancel(Unknown Source)
	at java.util.stream.AbstractPipeline.copyIntoWithCancel(Unknown Source)
	at java.util.stream.AbstractPipeline.copyInto(Unknown Source)
	at java.util.stream.AbstractPipeline.wrapAndCopyInto(Unknown Source)
	at java.util.stream.FindOps$FindOp.evaluateSequential(Unknown Source)
	at java.util.stream.AbstractPipeline.evaluate(Unknown Source)
	at java.util.stream.ReferencePipeline.findFirst(Unknown Source)
	at org.openqa.selenium.remote.ProtocolHandshake.createSession(ProtocolHandshake.java:128)
	at org.openqa.selenium.remote.ProtocolHandshake.createSession(ProtocolHandshake.java:74)
	at org.openqa.selenium.remote.HttpCommandExecutor.execute(HttpCommandExecutor.java:136)
	at org.openqa.selenium.remote.service.DriverCommandExecutor.execute(DriverCommandExecutor.java:83)
	at org.openqa.selenium.remote.RemoteWebDriver.execute(RemoteWebDriver.java:552)
	at org.openqa.selenium.remote.RemoteWebDriver.startSession(RemoteWebDriver.java:213)
	at org.openqa.selenium.remote.RemoteWebDriver.<init>(RemoteWebDriver.java:131)
	at org.openqa.selenium.chrome.ChromeDriver.<init>(ChromeDriver.java:181)
	at org.openqa.selenium.chrome.ChromeDriver.<init>(ChromeDriver.java:168)
	at org.openqa.selenium.chrome.ChromeDriver.<init>(ChromeDriver.java:123)
	at com.sam.DataProviders.LaunchBrowser(DataProviders.java:17)
	at java.util.concurrent.FutureTask.run(Unknown Source)
	at java.util.concurrent.ThreadPoolExecutor.runWorker(Unknown Source)
	at java.util.concurrent.ThreadPoolExecutor$Worker.run(Unknown Source)
	at java.lang.Thread.run(Unknown Source)
... Removed 22 stack frames]]>
    </failure>
  </testcase> <!-- @BeforeMethod LaunchBrowser -->
  <testcase name="@BeforeMethod LaunchBrowser" time="0.0" classname="com.sam.DataProviders">
    <skipped/>
  </testcase> <!-- @BeforeMethod LaunchBrowser -->
  <testcase name="@BeforeMethod LaunchBrowser" time="0.0" classname="com.sam.DataProviders">
    <skipped/>
  </testcase> <!-- @BeforeMethod LaunchBrowser -->
  <testcase name="@BeforeMethod LaunchBrowser" time="0.0" classname="com.sam.DataProviders">
    <skipped/>
  </testcase> <!-- @BeforeMethod LaunchBrowser -->
  <testcase name="tc1" time="0.0" classname="com.sam.DataProviders">
    <skipped/>
  </testcase> <!-- tc1 -->
  <testcase name="tc1" time="0.0" classname="com.sam.DataProviders">
    <skipped/>
  </testcase> <!-- tc1 -->
  <testcase name="tc1" time="0.0" classname="com.sam.DataProviders">
    <skipped/>
  </testcase> <!-- tc1 -->
  <testcase name="tc1" time="0.0" classname="com.sam.DataProviders">
    <skipped/>
  </testcase> <!-- tc1 -->
</testsuite> <!-- test 1 -->
