<?xml version="1.0" encoding="UTF-8"?>
<!-- Generated by org.testng.reporters.JUnitReportReporter -->
<testsuite skipped="3" hostname="HP-PC" name="com.sam.Delete1" tests="4" failures="0" timestamp="26 May 2020 13:31:08 GMT" time="3.127" errors="1">
  <testcase name="tc1" time="0.000" classname="com.sam.Delete1">
    <skipped/>
  </testcase> <!-- tc1 -->
  <testcase name="tc2" time="0.000" classname="com.sam.Delete1">
    <skipped/>
  </testcase> <!-- tc2 -->
  <testcase name="launchBrowser" time="3.127" classname="com.sam.Delete1">
    <error type="org.openqa.selenium.SessionNotCreatedException" message="session not created: This version of ChromeDriver only supports Chrome version 80
Build info: version: &#039;3.141.59&#039;, revision: &#039;e82be7d358&#039;, time: &#039;2018-11-14T08:17:03&#039;
System info: host: &#039;HP-PC&#039;, ip: &#039;192.168.1.5&#039;, os.name: &#039;Windows 7&#039;, os.arch: &#039;amd64&#039;, os.version: &#039;6.1&#039;, java.version: &#039;1.8.0_231&#039;
Driver info: driver.version: ChromeDriver
remote stacktrace: Backtrace:
	Ordinal0 [0x00570C83+1707139]
	Ordinal0 [0x004D68F1+1075441]
	Ordinal0 [0x0044DFC9+516041]
	Ordinal0 [0x003E0554+66900]
	Ordinal0 [0x003DCCE2+52450]
	Ordinal0 [0x003FBFD7+180183]
	Ordinal0 [0x003FBDDD+179677]
	Ordinal0 [0x003F9D4B+171339]
	Ordinal0 [0x003E1D4A+73034]
	Ordinal0 [0x003E2DC0+77248]
	Ordinal0 [0x003E2D59+77145]
	Ordinal0 [0x004EBB67+1162087]
	GetHandleVerifier [0x0060A966+508998]
	GetHandleVerifier [0x0060A6A4+508292]
	GetHandleVerifier [0x0061F7B7+594583]
	GetHandleVerifier [0x0060B1D6+511158]
	Ordinal0 [0x004E402C+1130540]
	Ordinal0 [0x004ED4CB+1168587]
	Ordinal0 [0x004ED633+1168947]
	Ordinal0 [0x00505B35+1268533]
	BaseThreadInitThunk [0x7640339A+18]
	RtlInitializeExceptionChain [0x77249ED2+99]
	RtlInitializeExceptionChain [0x77249EA5+54]
">
      <![CDATA[org.openqa.selenium.SessionNotCreatedException: session not created: This version of ChromeDriver only supports Chrome version 80
Build info: version: '3.141.59', revision: 'e82be7d358', time: '2018-11-14T08:17:03'
System info: host: 'HP-PC', ip: '192.168.1.5', os.name: 'Windows 7', os.arch: 'amd64', os.version: '6.1', java.version: '1.8.0_231'
Driver info: driver.version: ChromeDriver
remote stacktrace: Backtrace:
	Ordinal0 [0x00570C83+1707139]
	Ordinal0 [0x004D68F1+1075441]
	Ordinal0 [0x0044DFC9+516041]
	Ordinal0 [0x003E0554+66900]
	Ordinal0 [0x003DCCE2+52450]
	Ordinal0 [0x003FBFD7+180183]
	Ordinal0 [0x003FBDDD+179677]
	Ordinal0 [0x003F9D4B+171339]
	Ordinal0 [0x003E1D4A+73034]
	Ordinal0 [0x003E2DC0+77248]
	Ordinal0 [0x003E2D59+77145]
	Ordinal0 [0x004EBB67+1162087]
	GetHandleVerifier [0x0060A966+508998]
	GetHandleVerifier [0x0060A6A4+508292]
	GetHandleVerifier [0x0061F7B7+594583]
	GetHandleVerifier [0x0060B1D6+511158]
	Ordinal0 [0x004E402C+1130540]
	Ordinal0 [0x004ED4CB+1168587]
	Ordinal0 [0x004ED633+1168947]
	Ordinal0 [0x00505B35+1268533]
	BaseThreadInitThunk [0x7640339A+18]
	RtlInitializeExceptionChain [0x77249ED2+99]
	RtlInitializeExceptionChain [0x77249EA5+54]

	at sun.reflect.NativeConstructorAccessorImpl.newInstance0(Native Method)
	at sun.reflect.NativeConstructorAccessorImpl.newInstance(Unknown Source)
	at sun.reflect.DelegatingConstructorAccessorImpl.newInstance(Unknown Source)
	at java.lang.reflect.Constructor.newInstance(Unknown Source)
	at org.openqa.selenium.remote.W3CHandshakeResponse.lambda$errorHandler$0(W3CHandshakeResponse.java:62)
	at org.openqa.selenium.remote.HandshakeResponse.lambda$getResponseFunction$0(HandshakeResponse.java:30)
	at org.openqa.selenium.remote.ProtocolHandshake.lambda$createSession$0(ProtocolHandshake.java:126)
	at java.util.stream.ReferencePipeline$3$1.accept(Unknown Source)
	at java.util.Spliterators$ArraySpliterator.tryAdvance(Unknown Source)
	at java.util.stream.ReferencePipeline.forEachWithCancel(Unknown Source)
	at java.util.stream.AbstractPipeline.copyIntoWithCancel(Unknown Source)
	at java.util.stream.AbstractPipeline.copyInto(Unknown Source)
	at java.util.stream.AbstractPipeline.wrapAndCopyInto(Unknown Source)
	at java.util.stream.FindOps$FindOp.evaluateSequential(Unknown Source)
	at java.util.stream.AbstractPipeline.evaluate(Unknown Source)
	at java.util.stream.ReferencePipeline.findFirst(Unknown Source)
	at org.openqa.selenium.remote.ProtocolHandshake.createSession(ProtocolHandshake.java:128)
	at org.openqa.selenium.remote.ProtocolHandshake.createSession(ProtocolHandshake.java:74)
	at org.openqa.selenium.remote.HttpCommandExecutor.execute(HttpCommandExecutor.java:136)
	at org.openqa.selenium.remote.service.DriverCommandExecutor.execute(DriverCommandExecutor.java:83)
	at org.openqa.selenium.remote.RemoteWebDriver.execute(RemoteWebDriver.java:552)
	at org.openqa.selenium.remote.RemoteWebDriver.startSession(RemoteWebDriver.java:213)
	at org.openqa.selenium.remote.RemoteWebDriver.<init>(RemoteWebDriver.java:131)
	at org.openqa.selenium.chrome.ChromeDriver.<init>(ChromeDriver.java:181)
	at org.openqa.selenium.chrome.ChromeDriver.<init>(ChromeDriver.java:168)
	at org.openqa.selenium.chrome.ChromeDriver.<init>(ChromeDriver.java:123)
	at com.sam.Delete1.launchBrowser(Delete1.java:15)
	at sun.reflect.NativeMethodAccessorImpl.invoke0(Native Method)
	at sun.reflect.NativeMethodAccessorImpl.invoke(Unknown Source)
	at sun.reflect.DelegatingMethodAccessorImpl.invoke(Unknown Source)
	at java.lang.reflect.Method.invoke(Unknown Source)
	at org.testng.internal.MethodInvocationHelper.invokeMethod(MethodInvocationHelper.java:108)
	at org.testng.internal.Invoker.invokeConfigurationMethod(Invoker.java:523)
	at org.testng.internal.Invoker.invokeConfigurations(Invoker.java:224)
	at org.testng.internal.Invoker.invokeConfigurations(Invoker.java:146)
	at org.testng.SuiteRunner.privateRun(SuiteRunner.java:326)
	at org.testng.SuiteRunner.run(SuiteRunner.java:289)
	at org.testng.SuiteRunnerWorker.runSuite(SuiteRunnerWorker.java:52)
	at org.testng.SuiteRunnerWorker.run(SuiteRunnerWorker.java:86)
	at org.testng.TestNG.runSuitesSequentially(TestNG.java:1301)
	at org.testng.TestNG.runSuitesLocally(TestNG.java:1226)
	at org.testng.TestNG.runSuites(TestNG.java:1144)
	at org.testng.TestNG.run(TestNG.java:1115)
	at org.testng.remote.AbstractRemoteTestNG.run(AbstractRemoteTestNG.java:132)
	at org.testng.remote.RemoteTestNG.initAndRun(RemoteTestNG.java:230)
	at org.testng.remote.RemoteTestNG.main(RemoteTestNG.java:76)
]]>
    </error>
  </testcase> <!-- launchBrowser -->
  <testcase name="tc3" time="0.000" classname="com.sam.Delete1">
    <skipped/>
  </testcase> <!-- tc3 -->
</testsuite> <!-- com.sam.Delete1 -->
